#
# There is insufficient memory for the Java Runtime Environment to continue.
# Native memory allocation (malloc) failed to allocate 1519056 bytes. Error detail: Chunk::new
# Possible reasons:
#   The system is out of physical RAM or swap space
#   This process is running with CompressedOops enabled, and the Java Heap may be blocking the growth of the native heap
# Possible solutions:
#   Reduce memory load on the system
#   Increase physical memory or swap space
#   Check if swap backing store is full
#   Decrease Java heap size (-Xmx/-Xms)
#   Decrease number of Java threads
#   Decrease Java thread stack sizes (-Xss)
#   Set larger code cache with -XX:ReservedCodeCacheSize=
#   JVM is running with Unscaled Compressed Oops mode in which the Java heap is
#     placed in the first 4GB address space. The Java Heap base address is the
#     maximum limit for the native heap growth. Please use -XX:HeapBaseMinAddress
#     to set the Java Heap base and to place the Java Heap above 4GB virtual address.
# This output file may be truncated or incomplete.
#
#  Out of Memory Error (arena.cpp:168), pid=15316, tid=23444
#
# JRE version: OpenJDK Runtime Environment Temurin-21.0.6+7 (21.0.6+7) (build 21.0.6+7-LTS)
# Java VM: OpenJDK 64-Bit Server VM Temurin-21.0.6+7 (21.0.6+7-LTS, mixed mode, sharing, tiered, compressed oops, compressed class ptrs, g1 gc, windows-amd64)
# No core dump will be written. Minidumps are not enabled by default on client versions of Windows
#

---------------  S U M M A R Y ------------

Command Line: -Dfile.encoding=UTF-8 -Dstdout.encoding=UTF-8 -Dstderr.encoding=UTF-8 -XX:+ShowCodeDetailsInExceptionMessages com.example.testproject.TestprojectApplication

Host: AMD Ryzen 5 3500U with Radeon Vega Mobile Gfx  , 8 cores, 5G,  Windows 11 , 64 bit Build 26100 (10.0.26100.5074)
Time: Tue Sep 30 20:38:51 2025 India Standard Time elapsed time: 15767.562528 seconds (0d 4h 22m 47s)

---------------  T H R E A D  ---------------

Current thread (0x000001daa3c58db0):  JavaThread "C2 CompilerThread0" daemon [_thread_in_native, id=23444, stack(0x000000bfe8c00000,0x000000bfe8d00000) (1024K)]


Current CompileTask:
C2:15767563 11424   !   4       sun.security.ssl.SSLCipher$T13GcmWriteCipherGenerator$GcmWriteCipher::encrypt (329 bytes)

Stack: [0x000000bfe8c00000,0x000000bfe8d00000]
Native frames: (J=compiled Java code, j=interpreted, Vv=VM code, C=native code)
V  [jvm.dll+0x6cdee9]
V  [jvm.dll+0x8a83d1]
V  [jvm.dll+0x8aa8fe]
V  [jvm.dll+0x8aafe3]
V  [jvm.dll+0x27f706]
V  [jvm.dll+0xc500d]
V  [jvm.dll+0xc5543]
V  [jvm.dll+0x3b6752]
V  [jvm.dll+0x382935]
V  [jvm.dll+0x381d9a]
V  [jvm.dll+0x2479f0]
V  [jvm.dll+0x246fcf]
V  [jvm.dll+0x1c75ee]
V  [jvm.dll+0x25685a]
V  [jvm.dll+0x254dfa]
V  [jvm.dll+0x3f0256]
V  [jvm.dll+0x851f8b]
V  [jvm.dll+0x6cc5ed]
C  [ucrtbase.dll+0x37b0]
C  [KERNEL32.DLL+0x2e8d7]
C  [ntdll.dll+0x8d9c]


---------------  P R O C E S S  ---------------

Threads class SMR info:
_java_thread_list=0x000001daec3be090, length=32, elements={
0x000001daa3c34b90, 0x000001daa3c353a0, 0x000001daa3c3bc50, 0x000001daa3c3c2b0,
0x000001daa3c49650, 0x000001daa3c559d0, 0x000001daa3c58db0, 0x000001daa3c5c2c0,
0x000001dae90d7730, 0x000001dae90eb360, 0x000001daea25f220, 0x000001daed788a80,
0x000001daedced6b0, 0x000001daed787040, 0x000001daed7897a0, 0x000001daed7883f0,
0x000001daed7876d0, 0x000001daedcea8c0, 0x000001daedcee3d0, 0x000001daedcebc70,
0x000001daedcec300, 0x000001daedceaf50, 0x000001daedcf04a0, 0x000001daedcf11c0,
0x000001daedcf0b30, 0x000001daedcef0f0, 0x000001daedcf1ee0, 0x000001daedceea60,
0x000001dae9dc50a0, 0x000001dae9dc3cf0, 0x000001dae9dc4a10, 0x000001dae9dc6450
}

Java Threads: ( => current thread )
  0x000001daa3c34b90 JavaThread "Reference Handler"          daemon [_thread_blocked, id=10496, stack(0x000000bfe8600000,0x000000bfe8700000) (1024K)]
  0x000001daa3c353a0 JavaThread "Finalizer"                  daemon [_thread_blocked, id=22660, stack(0x000000bfe8700000,0x000000bfe8800000) (1024K)]
  0x000001daa3c3bc50 JavaThread "Signal Dispatcher"          daemon [_thread_blocked, id=1004, stack(0x000000bfe8800000,0x000000bfe8900000) (1024K)]
  0x000001daa3c3c2b0 JavaThread "Attach Listener"            daemon [_thread_blocked, id=9164, stack(0x000000bfe8900000,0x000000bfe8a00000) (1024K)]
  0x000001daa3c49650 JavaThread "Service Thread"             daemon [_thread_blocked, id=18844, stack(0x000000bfe8a00000,0x000000bfe8b00000) (1024K)]
  0x000001daa3c559d0 JavaThread "Monitor Deflation Thread"   daemon [_thread_blocked, id=15720, stack(0x000000bfe8b00000,0x000000bfe8c00000) (1024K)]
=>0x000001daa3c58db0 JavaThread "C2 CompilerThread0"         daemon [_thread_in_native, id=23444, stack(0x000000bfe8c00000,0x000000bfe8d00000) (1024K)]
  0x000001daa3c5c2c0 JavaThread "C1 CompilerThread0"         daemon [_thread_blocked, id=13336, stack(0x000000bfe8d00000,0x000000bfe8e00000) (1024K)]
  0x000001dae90d7730 JavaThread "Notification Thread"        daemon [_thread_blocked, id=18052, stack(0x000000bfe8e00000,0x000000bfe8f00000) (1024K)]
  0x000001dae90eb360 JavaThread "Common-Cleaner"             daemon [_thread_blocked, id=20220, stack(0x000000bfe8f00000,0x000000bfe9000000) (1024K)]
  0x000001daea25f220 JavaThread "mysql-cj-abandoned-connection-cleanup" daemon [_thread_blocked, id=17820, stack(0x000000bfe9e00000,0x000000bfe9f00000) (1024K)]
  0x000001daed788a80 JavaThread "Live Reload Server"         daemon [_thread_in_native, id=20192, stack(0x000000bfea500000,0x000000bfea600000) (1024K)]
  0x000001daedced6b0 JavaThread "DestroyJavaVM"                     [_thread_blocked, id=12904, stack(0x000000bfe7e00000,0x000000bfe7f00000) (1024K)]
  0x000001daed787040 JavaThread "Catalina-utility-1"                [_thread_blocked, id=17324, stack(0x000000bfe9100000,0x000000bfe9200000) (1024K)]
  0x000001daed7897a0 JavaThread "Catalina-utility-2"                [_thread_blocked, id=10992, stack(0x000000bfe9200000,0x000000bfe9300000) (1024K)]
  0x000001daed7883f0 JavaThread "container-0"                       [_thread_blocked, id=17724, stack(0x000000bfe9b00000,0x000000bfe9c00000) (1024K)]
  0x000001daed7876d0 JavaThread "HikariPool-9:housekeeper"   daemon [_thread_blocked, id=2984, stack(0x000000bfe9000000,0x000000bfe9100000) (1024K)]
  0x000001daedcea8c0 JavaThread "File Watcher"               daemon [_thread_blocked, id=16404, stack(0x000000bfe9f00000,0x000000bfea000000) (1024K)]
  0x000001daedcee3d0 JavaThread "http-nio-8080-exec-1"       daemon [_thread_blocked, id=10428, stack(0x000000bfea000000,0x000000bfea100000) (1024K)]
  0x000001daedcebc70 JavaThread "http-nio-8080-exec-2"       daemon [_thread_blocked, id=22784, stack(0x000000bfea100000,0x000000bfea200000) (1024K)]
  0x000001daedcec300 JavaThread "http-nio-8080-exec-3"       daemon [_thread_blocked, id=20728, stack(0x000000bfea200000,0x000000bfea300000) (1024K)]
  0x000001daedceaf50 JavaThread "http-nio-8080-exec-4"       daemon [_thread_blocked, id=8292, stack(0x000000bfea300000,0x000000bfea400000) (1024K)]
  0x000001daedcf04a0 JavaThread "http-nio-8080-exec-5"       daemon [_thread_blocked, id=22536, stack(0x000000bfea400000,0x000000bfea500000) (1024K)]
  0x000001daedcf11c0 JavaThread "http-nio-8080-exec-6"       daemon [_thread_blocked, id=20152, stack(0x000000bfea600000,0x000000bfea700000) (1024K)]
  0x000001daedcf0b30 JavaThread "http-nio-8080-exec-7"       daemon [_thread_blocked, id=1216, stack(0x000000bfea700000,0x000000bfea800000) (1024K)]
  0x000001daedcef0f0 JavaThread "http-nio-8080-exec-8"       daemon [_thread_blocked, id=19088, stack(0x000000bfea800000,0x000000bfea900000) (1024K)]
  0x000001daedcf1ee0 JavaThread "http-nio-8080-exec-9"       daemon [_thread_blocked, id=17712, stack(0x000000bfea900000,0x000000bfeaa00000) (1024K)]
  0x000001daedceea60 JavaThread "http-nio-8080-exec-10"      daemon [_thread_blocked, id=2448, stack(0x000000bfeaa00000,0x000000bfeab00000) (1024K)]
  0x000001dae9dc50a0 JavaThread "http-nio-8080-Poller"       daemon [_thread_in_native, id=14752, stack(0x000000bfeab00000,0x000000bfeac00000) (1024K)]
  0x000001dae9dc3cf0 JavaThread "http-nio-8080-Acceptor"     daemon [_thread_in_native, id=17560, stack(0x000000bfeac00000,0x000000bfead00000) (1024K)]
  0x000001dae9dc4a10 JavaThread "HikariPool-9:connection-closer" daemon [_thread_blocked, id=15740, stack(0x000000bfe7c00000,0x000000bfe7d00000) (1024K)]
  0x000001dae9dc6450 JavaThread "HikariPool-9:connection-adder" daemon [_thread_blocked, id=23460, stack(0x000000bfe9c00000,0x000000bfe9d00000) (1024K)]
Total: 32

Other Threads:
  0x000001daa3c17d90 VMThread "VM Thread"                           [id=10008, stack(0x000000bfe8500000,0x000000bfe8600000) (1024K)]
  0x000001daa3c07b30 WatcherThread "VM Periodic Task Thread"        [id=11908, stack(0x000000bfe8400000,0x000000bfe8500000) (1024K)]
  0x000001da8c80e170 WorkerThread "GC Thread#0"                     [id=21528, stack(0x000000bfe7f00000,0x000000bfe8000000) (1024K)]
  0x000001dae9ba6110 WorkerThread "GC Thread#1"                     [id=21212, stack(0x000000bfe9300000,0x000000bfe9400000) (1024K)]
  0x000001dae9b9def0 WorkerThread "GC Thread#2"                     [id=13452, stack(0x000000bfe9400000,0x000000bfe9500000) (1024K)]
  0x000001dae9bc6700 WorkerThread "GC Thread#3"                     [id=22196, stack(0x000000bfe9500000,0x000000bfe9600000) (1024K)]
  0x000001dae9bc6aa0 WorkerThread "GC Thread#4"                     [id=23104, stack(0x000000bfe9600000,0x000000bfe9700000) (1024K)]
  0x000001dae9bc6e40 WorkerThread "GC Thread#5"                     [id=16452, stack(0x000000bfe9700000,0x000000bfe9800000) (1024K)]
  0x000001dae9f39de0 WorkerThread "GC Thread#6"                     [id=19352, stack(0x000000bfe9900000,0x000000bfe9a00000) (1024K)]
  0x000001dae9e4fc90 WorkerThread "GC Thread#7"                     [id=21740, stack(0x000000bfe9a00000,0x000000bfe9b00000) (1024K)]
  0x000001da8c81bc10 ConcurrentGCThread "G1 Main Marker"            [id=14184, stack(0x000000bfe8000000,0x000000bfe8100000) (1024K)]
  0x000001da8c81d9c0 WorkerThread "G1 Conc#0"                       [id=22408, stack(0x000000bfe8100000,0x000000bfe8200000) (1024K)]
  0x000001daeb9de830 WorkerThread "G1 Conc#1"                       [id=23092, stack(0x000000bfe9800000,0x000000bfe9900000) (1024K)]
  0x000001da8c87e530 ConcurrentGCThread "G1 Refine#0"               [id=16072, stack(0x000000bfe8200000,0x000000bfe8300000) (1024K)]
  0x000001daa3adc120 ConcurrentGCThread "G1 Service"                [id=23352, stack(0x000000bfe8300000,0x000000bfe8400000) (1024K)]
Total: 15

Threads with active compile tasks:
C2 CompilerThread0  15767635 11424   !   4       sun.security.ssl.SSLCipher$T13GcmWriteCipherGenerator$GcmWriteCipher::encrypt (329 bytes)
Total: 1

VM state: not at safepoint (normal execution)

VM Mutex/Monitor currently owned by a thread: None

Heap address: 0x00000000a1600000, size: 1514 MB, Compressed Oops mode: 32-bit

CDS archive(s) mapped at: [0x000001daa4000000-0x000001daa4c80000-0x000001daa4c80000), size 13107200, SharedBaseAddress: 0x000001daa4000000, ArchiveRelocationMode: 1.
Compressed class space mapped at: 0x000001daa5000000-0x000001dae5000000, reserved size: 1073741824
Narrow klass base: 0x000001daa4000000, Narrow klass shift: 0, Narrow klass range: 0x100000000

GC Precious Log:
 CardTable entry size: 512
 Card Set container configuration: InlinePtr #cards 5 size 8 Array Of Cards #cards 12 size 40 Howl #buckets 4 coarsen threshold 1843 Howl Bitmap #cards 512 size 80 coarsen threshold 460 Card regions per heap region 1 cards per card region 2048
 CPUs: 8 total, 8 available
 Memory: 6055M
 Large Page Support: Disabled
 NUMA Support: Disabled
 Compressed Oops: Enabled (32-bit)
 Heap Region Size: 1M
 Heap Min Capacity: 8M
 Heap Initial Capacity: 96M
 Heap Max Capacity: 1514M
 Pre-touch: Disabled
 Parallel Workers: 8
 Concurrent Workers: 2
 Concurrent Refinement Workers: 8
 Periodic GC: Disabled

Heap:
 garbage-first heap   total 61440K, used 39747K [0x00000000a1600000, 0x0000000100000000)
  region size 1024K, 14 young (14336K), 1 survivors (1024K)
 Metaspace       used 68619K, committed 69568K, reserved 1114112K
  class space    used 8674K, committed 9088K, reserved 1048576K

Heap Regions: E=young(eden), S=young(survivor), O=old, HS=humongous(starts), HC=humongous(continues), CS=collection set, F=free, TAMS=top-at-mark-start, PB=parsable bottom
|   0|0x00000000a1600000, 0x00000000a1700000, 0x00000000a1700000|100%|HS|  |TAMS 0x00000000a1600000| PB 0x00000000a1600000| Complete 
|   1|0x00000000a1700000, 0x00000000a1800000, 0x00000000a1800000|100%|HS|  |TAMS 0x00000000a1700000| PB 0x00000000a1700000| Complete 
|   2|0x00000000a1800000, 0x00000000a1900000, 0x00000000a1900000|100%| O|  |TAMS 0x00000000a1800000| PB 0x00000000a1800000| Untracked 
|   3|0x00000000a1900000, 0x00000000a19ffff0, 0x00000000a1a00000| 99%| O|  |TAMS 0x00000000a1900000| PB 0x00000000a1900000| Untracked 
|   4|0x00000000a1a00000, 0x00000000a1affff0, 0x00000000a1b00000| 99%| O|  |TAMS 0x00000000a1a00000| PB 0x00000000a1a00000| Untracked 
|   5|0x00000000a1b00000, 0x00000000a1bfffc8, 0x00000000a1c00000| 99%| O|  |TAMS 0x00000000a1b00000| PB 0x00000000a1b00000| Untracked 
|   6|0x00000000a1c00000, 0x00000000a1d00000, 0x00000000a1d00000|100%| O|  |TAMS 0x00000000a1c00000| PB 0x00000000a1c00000| Untracked 
|   7|0x00000000a1d00000, 0x00000000a1dfffe8, 0x00000000a1e00000| 99%| O|  |TAMS 0x00000000a1d00000| PB 0x00000000a1d00000| Untracked 
|   8|0x00000000a1e00000, 0x00000000a1effff0, 0x00000000a1f00000| 99%| O|  |TAMS 0x00000000a1e00000| PB 0x00000000a1e00000| Untracked 
|   9|0x00000000a1f00000, 0x00000000a1fffff8, 0x00000000a2000000| 99%| O|  |TAMS 0x00000000a1f00000| PB 0x00000000a1f00000| Untracked 
|  10|0x00000000a2000000, 0x00000000a20ffff0, 0x00000000a2100000| 99%| O|  |TAMS 0x00000000a2000000| PB 0x00000000a2000000| Untracked 
|  11|0x00000000a2100000, 0x00000000a21fffe8, 0x00000000a2200000| 99%| O|  |TAMS 0x00000000a2100000| PB 0x00000000a2100000| Untracked 
|  12|0x00000000a2200000, 0x00000000a22ffff8, 0x00000000a2300000| 99%| O|  |TAMS 0x00000000a2200000| PB 0x00000000a2200000| Untracked 
|  13|0x00000000a2300000, 0x00000000a23fffc8, 0x00000000a2400000| 99%| O|  |TAMS 0x00000000a2300000| PB 0x00000000a2300000| Untracked 
|  14|0x00000000a2400000, 0x00000000a24fffe0, 0x00000000a2500000| 99%| O|  |TAMS 0x00000000a2400000| PB 0x00000000a2400000| Untracked 
|  15|0x00000000a2500000, 0x00000000a2600000, 0x00000000a2600000|100%| O|  |TAMS 0x00000000a2500000| PB 0x00000000a2500000| Untracked 
|  16|0x00000000a2600000, 0x00000000a26fffe8, 0x00000000a2700000| 99%| O|  |TAMS 0x00000000a2600000| PB 0x00000000a2600000| Untracked 
|  17|0x00000000a2700000, 0x00000000a27fffe0, 0x00000000a2800000| 99%| O|  |TAMS 0x00000000a2700000| PB 0x00000000a2700000| Untracked 
|  18|0x00000000a2800000, 0x00000000a2800000, 0x00000000a2900000|  0%| F|  |TAMS 0x00000000a2800000| PB 0x00000000a2800000| Untracked 
|  19|0x00000000a2900000, 0x00000000a29fffe8, 0x00000000a2a00000| 99%| O|  |TAMS 0x00000000a2900000| PB 0x00000000a2900000| Untracked 
|  20|0x00000000a2a00000, 0x00000000a2affff0, 0x00000000a2b00000| 99%| O|Cm|TAMS 0x00000000a2a00000| PB 0x00000000a2a00000| Complete 
|  21|0x00000000a2b00000, 0x00000000a2b00000, 0x00000000a2c00000|  0%| F|  |TAMS 0x00000000a2b00000| PB 0x00000000a2b00000| Untracked 
|  22|0x00000000a2c00000, 0x00000000a2cfffe0, 0x00000000a2d00000| 99%| O|  |TAMS 0x00000000a2c00000| PB 0x00000000a2c00000| Untracked 
|  23|0x00000000a2d00000, 0x00000000a2d00000, 0x00000000a2e00000|  0%| F|  |TAMS 0x00000000a2d00000| PB 0x00000000a2d00000| Untracked 
|  24|0x00000000a2e00000, 0x00000000a2f00000, 0x00000000a2f00000|100%| O|  |TAMS 0x00000000a2e00000| PB 0x00000000a2e00000| Untracked 
|  25|0x00000000a2f00000, 0x00000000a3000000, 0x00000000a3000000|100%| O|  |TAMS 0x00000000a2f00000| PB 0x00000000a2f00000| Untracked 
|  26|0x00000000a3000000, 0x00000000a3000000, 0x00000000a3100000|  0%| F|  |TAMS 0x00000000a3000000| PB 0x00000000a3000000| Untracked 
|  27|0x00000000a3100000, 0x00000000a3200000, 0x00000000a3200000|100%| O|  |TAMS 0x00000000a3100000| PB 0x00000000a3100000| Untracked 
|  28|0x00000000a3200000, 0x00000000a3300000, 0x00000000a3300000|100%| O|Cm|TAMS 0x00000000a3200000| PB 0x00000000a3200000| Complete 
|  29|0x00000000a3300000, 0x00000000a3400000, 0x00000000a3400000|100%| O|  |TAMS 0x00000000a3300000| PB 0x00000000a3300000| Untracked 
|  30|0x00000000a3400000, 0x00000000a3404890, 0x00000000a3500000|  1%| O|  |TAMS 0x00000000a3400000| PB 0x00000000a3400000| Untracked 
|  31|0x00000000a3500000, 0x00000000a35cc830, 0x00000000a3600000| 79%| S|CS|TAMS 0x00000000a3500000| PB 0x00000000a3500000| Complete 
|  32|0x00000000a3600000, 0x00000000a3600000, 0x00000000a3700000|  0%| F|  |TAMS 0x00000000a3600000| PB 0x00000000a3600000| Untracked 
|  33|0x00000000a3700000, 0x00000000a3700000, 0x00000000a3800000|  0%| F|  |TAMS 0x00000000a3700000| PB 0x00000000a3700000| Untracked 
|  34|0x00000000a3800000, 0x00000000a3800000, 0x00000000a3900000|  0%| F|  |TAMS 0x00000000a3800000| PB 0x00000000a3800000| Untracked 
|  35|0x00000000a3900000, 0x00000000a3900000, 0x00000000a3a00000|  0%| F|  |TAMS 0x00000000a3900000| PB 0x00000000a3900000| Untracked 
|  36|0x00000000a3a00000, 0x00000000a3a00000, 0x00000000a3b00000|  0%| F|  |TAMS 0x00000000a3a00000| PB 0x00000000a3a00000| Untracked 
|  37|0x00000000a3b00000, 0x00000000a3b00000, 0x00000000a3c00000|  0%| F|  |TAMS 0x00000000a3b00000| PB 0x00000000a3b00000| Untracked 
|  38|0x00000000a3c00000, 0x00000000a3c00000, 0x00000000a3d00000|  0%| F|  |TAMS 0x00000000a3c00000| PB 0x00000000a3c00000| Untracked 
|  39|0x00000000a3d00000, 0x00000000a3d00000, 0x00000000a3e00000|  0%| F|  |TAMS 0x00000000a3d00000| PB 0x00000000a3d00000| Untracked 
|  40|0x00000000a3e00000, 0x00000000a3e00000, 0x00000000a3f00000|  0%| F|  |TAMS 0x00000000a3e00000| PB 0x00000000a3e00000| Untracked 
|  41|0x00000000a3f00000, 0x00000000a3f00000, 0x00000000a4000000|  0%| F|  |TAMS 0x00000000a3f00000| PB 0x00000000a3f00000| Untracked 
|  42|0x00000000a4000000, 0x00000000a4000000, 0x00000000a4100000|  0%| F|  |TAMS 0x00000000a4000000| PB 0x00000000a4000000| Untracked 
|  43|0x00000000a4100000, 0x00000000a4100000, 0x00000000a4200000|  0%| F|  |TAMS 0x00000000a4100000| PB 0x00000000a4100000| Untracked 
|  44|0x00000000a4200000, 0x00000000a4200000, 0x00000000a4300000|  0%| F|  |TAMS 0x00000000a4200000| PB 0x00000000a4200000| Untracked 
|  45|0x00000000a4300000, 0x00000000a4300000, 0x00000000a4400000|  0%| F|  |TAMS 0x00000000a4300000| PB 0x00000000a4300000| Untracked 
|  46|0x00000000a4400000, 0x00000000a4400000, 0x00000000a4500000|  0%| F|  |TAMS 0x00000000a4400000| PB 0x00000000a4400000| Untracked 
|  47|0x00000000a4500000, 0x00000000a45e0530, 0x00000000a4600000| 87%| E|  |TAMS 0x00000000a4500000| PB 0x00000000a4500000| Complete 
|  48|0x00000000a4600000, 0x00000000a4700000, 0x00000000a4700000|100%| E|CS|TAMS 0x00000000a4600000| PB 0x00000000a4600000| Complete 
|  49|0x00000000a4700000, 0x00000000a4800000, 0x00000000a4800000|100%| E|CS|TAMS 0x00000000a4700000| PB 0x00000000a4700000| Complete 
|  50|0x00000000a4800000, 0x00000000a4900000, 0x00000000a4900000|100%| E|CS|TAMS 0x00000000a4800000| PB 0x00000000a4800000| Complete 
|  51|0x00000000a4900000, 0x00000000a4a00000, 0x00000000a4a00000|100%| E|CS|TAMS 0x00000000a4900000| PB 0x00000000a4900000| Complete 
|  52|0x00000000a4a00000, 0x00000000a4b00000, 0x00000000a4b00000|100%| E|CS|TAMS 0x00000000a4a00000| PB 0x00000000a4a00000| Complete 
|  53|0x00000000a4b00000, 0x00000000a4c00000, 0x00000000a4c00000|100%| E|CS|TAMS 0x00000000a4b00000| PB 0x00000000a4b00000| Complete 
|  54|0x00000000a4c00000, 0x00000000a4d00000, 0x00000000a4d00000|100%| E|CS|TAMS 0x00000000a4c00000| PB 0x00000000a4c00000| Complete 
|  55|0x00000000a4d00000, 0x00000000a4e00000, 0x00000000a4e00000|100%| E|CS|TAMS 0x00000000a4d00000| PB 0x00000000a4d00000| Complete 
|  56|0x00000000a4e00000, 0x00000000a4f00000, 0x00000000a4f00000|100%| E|CS|TAMS 0x00000000a4e00000| PB 0x00000000a4e00000| Complete 
|  57|0x00000000a4f00000, 0x00000000a5000000, 0x00000000a5000000|100%| E|CS|TAMS 0x00000000a4f00000| PB 0x00000000a4f00000| Complete 
|  58|0x00000000a5000000, 0x00000000a5100000, 0x00000000a5100000|100%| E|CS|TAMS 0x00000000a5000000| PB 0x00000000a5000000| Complete 
|  95|0x00000000a7500000, 0x00000000a7600000, 0x00000000a7600000|100%| E|CS|TAMS 0x00000000a7500000| PB 0x00000000a7500000| Complete 

Card table byte_map: [0x000001da9f780000,0x000001da9fa80000] _byte_map_base: 0x000001da9f275000

Marking Bits: (CMBitMap*) 0x000001da8c80e770
 Bits: [0x000001da9fa80000, 0x000001daa1228000)

Polling page: 0x000001da8a570000

Metaspace:

Usage:
  Non-class:     58.54 MB used.
      Class:      8.47 MB used.
       Both:     67.01 MB used.

Virtual space:
  Non-class space:       64.00 MB reserved,      59.06 MB ( 92%) committed,  1 nodes.
      Class space:        1.00 GB reserved,       8.88 MB ( <1%) committed,  1 nodes.
             Both:        1.06 GB reserved,      67.94 MB (  6%) committed. 

Chunk freelists:
   Non-Class:  5.06 MB
       Class:  7.13 MB
        Both:  12.19 MB

MaxMetaspaceSize: unlimited
CompressedClassSpaceSize: 1.00 GB
Initial GC threshold: 21.00 MB
Current GC threshold: 113.06 MB
CDS: on
 - commit_granule_bytes: 65536.
 - commit_granule_words: 8192.
 - virtual_space_node_default_size: 8388608.
 - enlarge_chunks_in_place: 1.
 - use_allocation_guard: 0.


Internal statistics:

num_allocs_failed_limit: 9.
num_arena_births: 1108.
num_arena_deaths: 426.
num_vsnodes_births: 2.
num_vsnodes_deaths: 0.
num_space_committed: 1086.
num_space_uncommitted: 0.
num_chunks_returned_to_freelist: 521.
num_chunks_taken_from_freelist: 3786.
num_chunk_merges: 105.
num_chunk_splits: 2427.
num_chunks_enlarged: 1806.
num_inconsistent_stats: 0.

CodeHeap 'non-profiled nmethods': size=120000Kb used=6400Kb max_used=6527Kb free=113599Kb
 bounds [0x000001da97c20000, 0x000001da98280000, 0x000001da9f150000]
CodeHeap 'profiled nmethods': size=120000Kb used=13639Kb max_used=14051Kb free=106360Kb
 bounds [0x000001da90150000, 0x000001da90f20000, 0x000001da97680000]
CodeHeap 'non-nmethods': size=5760Kb used=1718Kb max_used=1771Kb free=4041Kb
 bounds [0x000001da97680000, 0x000001da978f0000, 0x000001da97c20000]
 total_blobs=7547 nmethods=6810 adapters=640
 compilation: enabled
              stopped_count=0, restarted_count=0
 full_count=0

Compilation events (20 events):
Event: 15765.943 Thread 0x000001daa3c5c2c0 nmethod 11421 0x000001da909e7990 code [0x000001da909e7dc0, 0x000001da909ea140]
Event: 15765.943 Thread 0x000001daa3c58db0 11422       4       com.mysql.cj.jdbc.ConnectionImpl::getConnectionLock (27 bytes)
Event: 15765.955 Thread 0x000001daa3c58db0 nmethod 11422 0x000001da97f0b890 code [0x000001da97f0ba20, 0x000001da97f0baf0]
Event: 15765.969 Thread 0x000001daa3c58db0 11423       4       java.math.BigInteger::subtract (130 bytes)
Event: 15766.007 Thread 0x000001daa3c58db0 nmethod 11423 0x000001da9817b590 code [0x000001da9817b740, 0x000001da9817bd48]
Event: 15766.008 Thread 0x000001daa3c58db0 11424   !   4       sun.security.ssl.SSLCipher$T13GcmWriteCipherGenerator$GcmWriteCipher::encrypt (329 bytes)
Event: 15766.046 Thread 0x000001daa3c5c2c0 11425       3       sun.security.ssl.ClientHello$ClientHelloMessage::getEncodedCipherSuites (66 bytes)
Event: 15766.047 Thread 0x000001daa3c5c2c0 nmethod 11425 0x000001da902c8990 code [0x000001da902c8b40, 0x000001da902c8df0]
Event: 15766.233 Thread 0x000001daa3c5c2c0 11427       3       java.net.Inet4Address::<init> (29 bytes)
Event: 15766.235 Thread 0x000001daa3c5c2c0 nmethod 11427 0x000001da90347b10 code [0x000001da90347ce0, 0x000001da90348250]
Event: 15766.252 Thread 0x000001daa3c5c2c0 11429       3       java.nio.CharBuffer::clear (7 bytes)
Event: 15766.253 Thread 0x000001daa3c5c2c0 nmethod 11429 0x000001da90418990 code [0x000001da90418b40, 0x000001da90418cc0]
Event: 15766.296 Thread 0x000001daa3c5c2c0 11430       3       java.lang.invoke.VarHandle::acquireFence (7 bytes)
Event: 15766.296 Thread 0x000001daa3c5c2c0 nmethod 11430 0x000001da90290a90 code [0x000001da90290c20, 0x000001da90290d28]
Event: 15766.297 Thread 0x000001daa3c5c2c0 11431       3       jdk.internal.misc.Unsafe::loadFence (5 bytes)
Event: 15766.297 Thread 0x000001daa3c5c2c0 nmethod 11431 0x000001da902fec10 code [0x000001da902feda0, 0x000001da902feec0]
Event: 15766.298 Thread 0x000001daa3c5c2c0 11432       3       com.mysql.cj.protocol.a.NativeServerSession::getCapabilities (5 bytes)
Event: 15766.302 Thread 0x000001daa3c5c2c0 nmethod 11432 0x000001da90354210 code [0x000001da903543a0, 0x000001da903544c0]
Event: 15766.309 Thread 0x000001daa3c5c2c0 11433   !   3       javax.crypto.Mac::chooseProvider (268 bytes)
Event: 15766.314 Thread 0x000001daa3c5c2c0 nmethod 11433 0x000001da90948010 code [0x000001da909483c0, 0x000001da90949fa8]

GC Heap History (20 events):
Event: 3116.989 GC heap before
{Heap before GC invocations=45 (full 7):
 garbage-first heap   total 61440K, used 51259K [0x00000000a1600000, 0x0000000100000000)
  region size 1024K, 26 young (26624K), 0 survivors (0K)
 Metaspace       used 68002K, committed 68736K, reserved 1114112K
  class space    used 8669K, committed 9088K, reserved 1048576K
}
Event: 3116.994 GC heap after
{Heap after GC invocations=46 (full 7):
 garbage-first heap   total 61440K, used 27651K [0x00000000a1600000, 0x0000000100000000)
  region size 1024K, 3 young (3072K), 3 survivors (3072K)
 Metaspace       used 68002K, committed 68736K, reserved 1114112K
  class space    used 8669K, committed 9088K, reserved 1048576K
}
Event: 3117.408 GC heap before
{Heap before GC invocations=47 (full 7):
 garbage-first heap   total 61440K, used 50179K [0x00000000a1600000, 0x0000000100000000)
  region size 1024K, 26 young (26624K), 3 survivors (3072K)
 Metaspace       used 68251K, committed 69056K, reserved 1114112K
  class space    used 8682K, committed 9088K, reserved 1048576K
}
Event: 3117.414 GC heap after
{Heap after GC invocations=48 (full 7):
 garbage-first heap   total 61440K, used 29858K [0x00000000a1600000, 0x0000000100000000)
  region size 1024K, 3 young (3072K), 3 survivors (3072K)
 Metaspace       used 68251K, committed 69056K, reserved 1114112K
  class space    used 8682K, committed 9088K, reserved 1048576K
}
Event: 3339.710 GC heap before
{Heap before GC invocations=48 (full 7):
 garbage-first heap   total 61440K, used 38050K [0x00000000a1600000, 0x0000000100000000)
  region size 1024K, 12 young (12288K), 3 survivors (3072K)
 Metaspace       used 68297K, committed 69056K, reserved 1114112K
  class space    used 8682K, committed 9088K, reserved 1048576K
}
Event: 3339.978 GC heap after
{Heap after GC invocations=49 (full 8):
 garbage-first heap   total 61440K, used 24801K [0x00000000a1600000, 0x0000000100000000)
  region size 1024K, 0 young (0K), 0 survivors (0K)
 Metaspace       used 68294K, committed 69056K, reserved 1114112K
  class space    used 8682K, committed 9088K, reserved 1048576K
}
Event: 3340.742 GC heap before
{Heap before GC invocations=49 (full 8):
 garbage-first heap   total 61440K, used 52449K [0x00000000a1600000, 0x0000000100000000)
  region size 1024K, 27 young (27648K), 0 survivors (0K)
 Metaspace       used 68344K, committed 69120K, reserved 1114112K
  class space    used 8683K, committed 9088K, reserved 1048576K
}
Event: 3340.753 GC heap after
{Heap after GC invocations=50 (full 8):
 garbage-first heap   total 61440K, used 27666K [0x00000000a1600000, 0x0000000100000000)
  region size 1024K, 3 young (3072K), 3 survivors (3072K)
 Metaspace       used 68344K, committed 69120K, reserved 1114112K
  class space    used 8683K, committed 9088K, reserved 1048576K
}
Event: 3341.409 GC heap before
{Heap before GC invocations=51 (full 8):
 garbage-first heap   total 61440K, used 51218K [0x00000000a1600000, 0x0000000100000000)
  region size 1024K, 27 young (27648K), 3 survivors (3072K)
 Metaspace       used 68610K, committed 69376K, reserved 1114112K
  class space    used 8695K, committed 9088K, reserved 1048576K
}
Event: 3341.418 GC heap after
{Heap after GC invocations=52 (full 8):
 garbage-first heap   total 61440K, used 28990K [0x00000000a1600000, 0x0000000100000000)
  region size 1024K, 2 young (2048K), 2 survivors (2048K)
 Metaspace       used 68610K, committed 69376K, reserved 1114112K
  class space    used 8695K, committed 9088K, reserved 1048576K
}
Event: 4824.669 GC heap before
{Heap before GC invocations=52 (full 8):
 garbage-first heap   total 61440K, used 52542K [0x00000000a1600000, 0x0000000100000000)
  region size 1024K, 25 young (25600K), 2 survivors (2048K)
 Metaspace       used 68634K, committed 69440K, reserved 1114112K
  class space    used 8695K, committed 9088K, reserved 1048576K
}
Event: 4824.740 GC heap after
{Heap after GC invocations=53 (full 8):
 garbage-first heap   total 61440K, used 29369K [0x00000000a1600000, 0x0000000100000000)
  region size 1024K, 3 young (3072K), 3 survivors (3072K)
 Metaspace       used 68634K, committed 69440K, reserved 1114112K
  class space    used 8695K, committed 9088K, reserved 1048576K
}
Event: 5767.855 GC heap before
{Heap before GC invocations=53 (full 8):
 garbage-first heap   total 61440K, used 52921K [0x00000000a1600000, 0x0000000100000000)
  region size 1024K, 26 young (26624K), 3 survivors (3072K)
 Metaspace       used 68664K, committed 69440K, reserved 1114112K
  class space    used 8695K, committed 9088K, reserved 1048576K
}
Event: 5767.960 GC heap after
{Heap after GC invocations=54 (full 8):
 garbage-first heap   total 61440K, used 30002K [0x00000000a1600000, 0x0000000100000000)
  region size 1024K, 1 young (1024K), 1 survivors (1024K)
 Metaspace       used 68664K, committed 69440K, reserved 1114112K
  class space    used 8695K, committed 9088K, reserved 1048576K
}
Event: 6789.299 GC heap before
{Heap before GC invocations=55 (full 8):
 garbage-first heap   total 61440K, used 54578K [0x00000000a1600000, 0x0000000100000000)
  region size 1024K, 25 young (25600K), 1 survivors (1024K)
 Metaspace       used 68489K, committed 69440K, reserved 1114112K
  class space    used 8671K, committed 9088K, reserved 1048576K
}
Event: 6789.346 GC heap after
{Heap after GC invocations=56 (full 8):
 garbage-first heap   total 61440K, used 30036K [0x00000000a1600000, 0x0000000100000000)
  region size 1024K, 1 young (1024K), 1 survivors (1024K)
 Metaspace       used 68489K, committed 69440K, reserved 1114112K
  class space    used 8671K, committed 9088K, reserved 1048576K
}
Event: 9284.183 GC heap before
{Heap before GC invocations=56 (full 8):
 garbage-first heap   total 61440K, used 55636K [0x00000000a1600000, 0x0000000100000000)
  region size 1024K, 26 young (26624K), 1 survivors (1024K)
 Metaspace       used 68559K, committed 69504K, reserved 1114112K
  class space    used 8675K, committed 9088K, reserved 1048576K
}
Event: 9284.246 GC heap after
{Heap after GC invocations=57 (full 8):
 garbage-first heap   total 61440K, used 27770K [0x00000000a1600000, 0x0000000100000000)
  region size 1024K, 2 young (2048K), 2 survivors (2048K)
 Metaspace       used 68559K, committed 69504K, reserved 1114112K
  class space    used 8675K, committed 9088K, reserved 1048576K
}
Event: 10476.501 GC heap before
{Heap before GC invocations=57 (full 8):
 garbage-first heap   total 61440K, used 54394K [0x00000000a1600000, 0x0000000100000000)
  region size 1024K, 28 young (28672K), 2 survivors (2048K)
 Metaspace       used 68587K, committed 69504K, reserved 1114112K
  class space    used 8675K, committed 9088K, reserved 1048576K
}
Event: 10476.576 GC heap after
{Heap after GC invocations=58 (full 8):
 garbage-first heap   total 61440K, used 27459K [0x00000000a1600000, 0x0000000100000000)
  region size 1024K, 1 young (1024K), 1 survivors (1024K)
 Metaspace       used 68587K, committed 69504K, reserved 1114112K
  class space    used 8675K, committed 9088K, reserved 1048576K
}

Dll operation events (11 events):
Event: 0.103 Loaded shared library C:\eclipse\plugins\org.eclipse.justj.openjdk.hotspot.jre.full.win32.x86_64_21.0.6.v20250130-0529\jre\bin\java.dll
Event: 0.176 Loaded shared library C:\eclipse\plugins\org.eclipse.justj.openjdk.hotspot.jre.full.win32.x86_64_21.0.6.v20250130-0529\jre\bin\zip.dll
Event: 0.303 Loaded shared library C:\eclipse\plugins\org.eclipse.justj.openjdk.hotspot.jre.full.win32.x86_64_21.0.6.v20250130-0529\jre\bin\net.dll
Event: 0.313 Loaded shared library C:\eclipse\plugins\org.eclipse.justj.openjdk.hotspot.jre.full.win32.x86_64_21.0.6.v20250130-0529\jre\bin\nio.dll
Event: 0.319 Loaded shared library C:\eclipse\plugins\org.eclipse.justj.openjdk.hotspot.jre.full.win32.x86_64_21.0.6.v20250130-0529\jre\bin\zip.dll
Event: 6.070 Loaded shared library C:\eclipse\plugins\org.eclipse.justj.openjdk.hotspot.jre.full.win32.x86_64_21.0.6.v20250130-0529\jre\bin\jimage.dll
Event: 6.504 Loaded shared library C:\eclipse\plugins\org.eclipse.justj.openjdk.hotspot.jre.full.win32.x86_64_21.0.6.v20250130-0529\jre\bin\management.dll
Event: 6.540 Loaded shared library C:\eclipse\plugins\org.eclipse.justj.openjdk.hotspot.jre.full.win32.x86_64_21.0.6.v20250130-0529\jre\bin\management_ext.dll
Event: 8.059 Loaded shared library C:\eclipse\plugins\org.eclipse.justj.openjdk.hotspot.jre.full.win32.x86_64_21.0.6.v20250130-0529\jre\bin\sunmscapi.dll
Event: 11.610 Loaded shared library C:\eclipse\plugins\org.eclipse.justj.openjdk.hotspot.jre.full.win32.x86_64_21.0.6.v20250130-0529\jre\bin\verify.dll
Event: 12.191 Loaded shared library C:\eclipse\plugins\org.eclipse.justj.openjdk.hotspot.jre.full.win32.x86_64_21.0.6.v20250130-0529\jre\bin\extnet.dll

Deoptimization events (20 events):
Event: 5416.409 Thread 0x000001daed7897a0 Uncommon trap: trap_request=0xffffffbe fr.pc=0x000001da9822d02c relative=0x000000000000036c
Event: 5416.409 Thread 0x000001daed7897a0 Uncommon trap: reason=profile_predicate action=maybe_recompile pc=0x000001da9822d02c method=java.util.concurrent.ConcurrentHashMap$Traverser.advance()Ljava/util/concurrent/ConcurrentHashMap$Node; @ 15 c2
Event: 5416.409 Thread 0x000001daed7897a0 DEOPT PACKING pc=0x000001da9822d02c sp=0x000000bfe92ff3c0
Event: 5416.409 Thread 0x000001daed7897a0 DEOPT UNPACKING pc=0x000001da976d46a2 sp=0x000000bfe92ff118 mode 2
Event: 5417.408 Thread 0x000001daed787040 Uncommon trap: trap_request=0xffffffbe fr.pc=0x000001da9822d02c relative=0x000000000000036c
Event: 5417.408 Thread 0x000001daed787040 Uncommon trap: reason=profile_predicate action=maybe_recompile pc=0x000001da9822d02c method=java.util.concurrent.ConcurrentHashMap$Traverser.advance()Ljava/util/concurrent/ConcurrentHashMap$Node; @ 15 c2
Event: 5417.408 Thread 0x000001daed787040 DEOPT PACKING pc=0x000001da9822d02c sp=0x000000bfe91ff180
Event: 5417.408 Thread 0x000001daed787040 DEOPT UNPACKING pc=0x000001da976d46a2 sp=0x000000bfe91feed8 mode 2
Event: 6406.460 Thread 0x000001dae9dc4380 DEOPT PACKING pc=0x000001da90755744 sp=0x000000bfe7cfd890
Event: 6406.461 Thread 0x000001dae9dc4380 DEOPT UNPACKING pc=0x000001da976d4e42 sp=0x000000bfe7cfcd68 mode 0
Event: 6693.077 Thread 0x000001dae9dc6450 DEOPT PACKING pc=0x000001da9016bfe8 sp=0x000000bfe7cfd9a0
Event: 6693.078 Thread 0x000001dae9dc6450 DEOPT UNPACKING pc=0x000001da976d4e42 sp=0x000000bfe7cfce50 mode 0
Event: 8985.507 Thread 0x000001dae9dc4380 Uncommon trap: trap_request=0xffffff45 fr.pc=0x000001da98240830 relative=0x0000000000000bf0
Event: 8985.507 Thread 0x000001dae9dc4380 Uncommon trap: reason=unstable_if action=reinterpret pc=0x000001da98240830 method=sun.security.provider.SHA2.implReset()V @ 8 c2
Event: 8985.507 Thread 0x000001dae9dc4380 DEOPT PACKING pc=0x000001da98240830 sp=0x000000bfe7cfe0d0
Event: 8985.509 Thread 0x000001dae9dc4380 DEOPT UNPACKING pc=0x000001da976d46a2 sp=0x000000bfe7cfdf70 mode 2
Event: 9352.496 Thread 0x000001daedcea8c0 Uncommon trap: trap_request=0xffffff45 fr.pc=0x000001da97f74654 relative=0x0000000000006314
Event: 9352.497 Thread 0x000001daedcea8c0 Uncommon trap: reason=unstable_if action=reinterpret pc=0x000001da97f74654 method=java.io.File.normalizedList()[Ljava/lang/String; @ 34 c2
Event: 9352.498 Thread 0x000001daedcea8c0 DEOPT PACKING pc=0x000001da97f74654 sp=0x000000bfe9fff2a0
Event: 9352.499 Thread 0x000001daedcea8c0 DEOPT UNPACKING pc=0x000001da976d46a2 sp=0x000000bfe9fff1a0 mode 2

Classes loaded (20 events):
Event: 936.519 Loading class sun/security/ssl/Alert$Level
Event: 936.520 Loading class sun/security/ssl/Alert$Level done
Event: 936.525 Loading class sun/net/ConnectionResetException
Event: 936.526 Loading class sun/net/ConnectionResetException done
Event: 936.587 Loading class java/util/WeakHashMap$KeyIterator
Event: 936.588 Loading class java/util/WeakHashMap$HashIterator
Event: 936.588 Loading class java/util/WeakHashMap$HashIterator done
Event: 936.588 Loading class java/util/WeakHashMap$KeyIterator done
Event: 936.813 Loading class java/lang/ref/Finalizer$2
Event: 936.815 Loading class java/lang/ref/Finalizer$2 done
Event: 936.815 Loading class java/lang/ref/Finalizer$1
Event: 936.816 Loading class java/lang/ref/Finalizer$1 done
Event: 1139.824 Loading class java/util/stream/ReferencePipeline$15
Event: 1139.826 Loading class java/util/stream/ReferencePipeline$15 done
Event: 1139.827 Loading class java/util/stream/ReferencePipeline$15$1
Event: 1139.827 Loading class java/util/stream/ReferencePipeline$15$1 done
Event: 1141.117 Loading class java/lang/Package$1PackageInfoProxy
Event: 1141.117 Loading class java/lang/Package$1PackageInfoProxy done
Event: 3063.584 Loading class java/time/DurationEditor
Event: 3063.586 Loading class java/time/DurationEditor done

Classes unloaded (20 events):
Event: 5768.097 Thread 0x000001daa3c17d90 Unloading class 0x000001daa587d000 'java/lang/invoke/LambdaForm$DMH+0x000001daa587d000'
Event: 5768.097 Thread 0x000001daa3c17d90 Unloading class 0x000001daa58a2000 'java/lang/invoke/LambdaForm$DMH+0x000001daa58a2000'
Event: 5768.098 Thread 0x000001daa3c17d90 Unloading class 0x000001daa5891800 'java/lang/invoke/LambdaForm$DMH+0x000001daa5891800'
Event: 5768.099 Thread 0x000001daa3c17d90 Unloading class 0x000001daa58a0000 'jdk/proxy5/$Proxy118'
Event: 5768.100 Thread 0x000001daa3c17d90 Unloading class 0x000001daa5892780 'jdk/proxy5/$Proxy117'
Event: 5768.100 Thread 0x000001daa3c17d90 Unloading class 0x000001daa5892568 'com/example/testproject/entity/Task$HibernateInstantiator'
Event: 5768.100 Thread 0x000001daa3c17d90 Unloading class 0x000001daa5892218 'com/example/testproject/entity/Task$HibernateProxy'
Event: 5768.100 Thread 0x000001daa3c17d90 Unloading class 0x000001daa5892000 'com/example/testproject/entity/Users$HibernateInstantiator'
Event: 5768.100 Thread 0x000001daa3c17d90 Unloading class 0x000001daa5891c00 'com/example/testproject/entity/Users$HibernateProxy'
Event: 5768.100 Thread 0x000001daa3c17d90 Unloading class 0x000001daa5891438 'com/example/testproject/entity/Users'
Event: 5768.101 Thread 0x000001daa3c17d90 Unloading class 0x000001daa58911f8 'com/example/testproject/entity/Task'
Event: 5768.101 Thread 0x000001daa3c17d90 Unloading class 0x000001daa5891000 'com/example/testproject/TestprojectApplication'
Event: 5768.101 Thread 0x000001daa3c17d90 Unloading class 0x000001daa52ec400 'java/lang/invoke/LambdaForm$DMH+0x000001daa52ec400'
Event: 5768.101 Thread 0x000001daa3c17d90 Unloading class 0x000001daa51e4000 'java/lang/invoke/LambdaForm$MH+0x000001daa51e4000'
Event: 5768.102 Thread 0x000001daa3c17d90 Unloading class 0x000001daa51ac400 'java/lang/invoke/LambdaForm$MH+0x000001daa51ac400'
Event: 5768.102 Thread 0x000001daa3c17d90 Unloading class 0x000001daa5092c00 'java/lang/invoke/LambdaForm$MH+0x000001daa5092c00'
Event: 5768.103 Thread 0x000001daa3c17d90 Unloading class 0x000001daa5092800 'java/lang/invoke/LambdaForm$MH+0x000001daa5092800'
Event: 5768.103 Thread 0x000001daa3c17d90 Unloading class 0x000001daa5092400 'java/lang/invoke/LambdaForm$MH+0x000001daa5092400'
Event: 10476.782 Thread 0x000001daa3c17d90 Unloading class 0x000001daa501b800 'java/lang/invoke/LambdaForm$MH+0x000001daa501b800'
Event: 10476.782 Thread 0x000001daa3c17d90 Unloading class 0x000001daa5898c00 'java/lang/invoke/LambdaForm$MH+0x000001daa5898c00'

Classes redefined (0 events):
No events

Internal exceptions (20 events):
Event: 5414.412 Thread 0x000001daed7897a0 Implicit null exception at 0x000001da9822cd49 to 0x000001da9822d010
Event: 5415.419 Thread 0x000001daed7897a0 Implicit null exception at 0x000001da9822cd49 to 0x000001da9822d010
Event: 5416.409 Thread 0x000001daed7897a0 Implicit null exception at 0x000001da9822cd49 to 0x000001da9822d010
Event: 5417.408 Thread 0x000001daed787040 Implicit null exception at 0x000001da9822cd49 to 0x000001da9822d010
Event: 6308.340 Thread 0x000001dae9dc4380 Exception <a 'java/io/IOException'{0x00000000a47f9550}> (0x00000000a47f9550) 
thrown [s\src\hotspot\share\prims\jni.cpp, line 520]
Event: 6308.354 Thread 0x000001dae9dc4380 Exception <a 'java/io/IOException'{0x00000000a47fa478}> (0x00000000a47fa478) 
thrown [s\src\hotspot\share\prims\jni.cpp, line 520]
Event: 6792.512 Thread 0x000001dae9dc4380 Exception <a 'java/io/IOException'{0x00000000a7502808}> (0x00000000a7502808) 
thrown [s\src\hotspot\share\prims\jni.cpp, line 520]
Event: 8984.364 Thread 0x000001dae9dc5730 Exception <a 'java/io/IOException'{0x00000000a42bc9e0}> (0x00000000a42bc9e0) 
thrown [s\src\hotspot\share\prims\jni.cpp, line 520]
Event: 8984.394 Thread 0x000001dae9dc5730 Exception <a 'java/io/IOException'{0x00000000a42bd748}> (0x00000000a42bd748) 
thrown [s\src\hotspot\share\prims\jni.cpp, line 520]
Event: 8984.449 Thread 0x000001dae9dc5730 Exception <a 'java/io/IOException'{0x00000000a42bfe58}> (0x00000000a42bfe58) 
thrown [s\src\hotspot\share\prims\jni.cpp, line 520]
Event: 8984.450 Thread 0x000001dae9dc5730 Exception <a 'java/io/IOException'{0x00000000a42c0a78}> (0x00000000a42c0a78) 
thrown [s\src\hotspot\share\prims\jni.cpp, line 520]
Event: 8985.507 Thread 0x000001dae9dc4380 Implicit null exception at 0x000001da98240000 to 0x000001da98240810
Event: 9352.496 Thread 0x000001daedcea8c0 Implicit null exception at 0x000001da97f6e537 to 0x000001da97f74630
Event: 10339.227 Thread 0x000001dae9dc6450 Exception <a 'java/io/IOException'{0x00000000a3cbe2f8}> (0x00000000a3cbe2f8) 
thrown [s\src\hotspot\share\prims\jni.cpp, line 520]
Event: 10339.247 Thread 0x000001dae9dc6450 Exception <a 'java/io/IOException'{0x00000000a3cbf220}> (0x00000000a3cbf220) 
thrown [s\src\hotspot\share\prims\jni.cpp, line 520]
Event: 10350.405 Thread 0x000001dae9dc4380 Exception <a 'java/io/IOException'{0x00000000a3b27418}> (0x00000000a3b27418) 
thrown [s\src\hotspot\share\prims\jni.cpp, line 520]
Event: 10350.405 Thread 0x000001dae9dc4380 Exception <a 'java/io/IOException'{0x00000000a3b28038}> (0x00000000a3b28038) 
thrown [s\src\hotspot\share\prims\jni.cpp, line 520]
Event: 10783.696 Thread 0x000001dae9dc6450 Exception <a 'java/io/IOException'{0x00000000a496fcb8}> (0x00000000a496fcb8) 
thrown [s\src\hotspot\share\prims\jni.cpp, line 520]
Event: 10783.697 Thread 0x000001dae9dc6450 Exception <a 'java/io/IOException'{0x00000000a4970be0}> (0x00000000a4970be0) 
thrown [s\src\hotspot\share\prims\jni.cpp, line 520]
Event: 15765.946 Thread 0x000001dae9dc4a10 Exception <a 'java/net/SocketException'{0x00000000a48885f8}: Connection reset by peer: shutdown> (0x00000000a48885f8) 
thrown [s\src\hotspot\share\prims\jni.cpp, line 539]

ZGC Phase Switch (0 events):
No events

VM Operations (20 events):
Event: 10356.196 Executing VM operation: Cleanup
Event: 10356.196 Executing VM operation: Cleanup done
Event: 10408.777 Executing VM operation: Cleanup
Event: 10408.777 Executing VM operation: Cleanup done
Event: 10466.426 Executing VM operation: Cleanup
Event: 10466.426 Executing VM operation: Cleanup done
Event: 10476.180 Executing VM operation: G1CollectForAllocation (G1 Evacuation Pause)
Event: 10476.577 Executing VM operation: G1CollectForAllocation (G1 Evacuation Pause) done
Event: 10476.778 Executing VM operation: G1PauseRemark
Event: 10477.184 Executing VM operation: G1PauseRemark done
Event: 10477.376 Executing VM operation: G1PauseCleanup
Event: 10477.388 Executing VM operation: G1PauseCleanup done
Event: 10510.805 Executing VM operation: Cleanup
Event: 10510.805 Executing VM operation: Cleanup done
Event: 10523.943 Executing VM operation: Cleanup
Event: 10523.943 Executing VM operation: Cleanup done
Event: 10784.197 Executing VM operation: Cleanup
Event: 10784.197 Executing VM operation: Cleanup done
Event: 15766.580 Executing VM operation: Cleanup
Event: 15766.580 Executing VM operation: Cleanup done

Memory protections (0 events):
No events

Nmethod flushes (20 events):
Event: 10477.176 Thread 0x000001daa3c17d90 flushing  nmethod 0x000001da97d62090
Event: 10477.176 Thread 0x000001daa3c17d90 flushing  nmethod 0x000001da97f34690
Event: 10477.176 Thread 0x000001daa3c17d90 flushing  nmethod 0x000001da97fc0290
Event: 10477.176 Thread 0x000001daa3c17d90 flushing  nmethod 0x000001da902e5910
Event: 10477.176 Thread 0x000001daa3c17d90 flushing  nmethod 0x000001da90332f90
Event: 10477.176 Thread 0x000001daa3c17d90 flushing  nmethod 0x000001da9033ca90
Event: 10477.176 Thread 0x000001daa3c17d90 flushing  nmethod 0x000001da90602e90
Event: 10477.176 Thread 0x000001daa3c17d90 flushing  nmethod 0x000001da90656410
Event: 10477.176 Thread 0x000001daa3c17d90 flushing  nmethod 0x000001da9065a190
Event: 10477.176 Thread 0x000001daa3c17d90 flushing  nmethod 0x000001da9065fc10
Event: 10477.176 Thread 0x000001daa3c17d90 flushing  nmethod 0x000001da9070fa10
Event: 10477.176 Thread 0x000001daa3c17d90 flushing  nmethod 0x000001da90749090
Event: 10477.176 Thread 0x000001daa3c17d90 flushing  nmethod 0x000001da908caf10
Event: 10477.176 Thread 0x000001daa3c17d90 flushing  nmethod 0x000001da9096e110
Event: 10477.177 Thread 0x000001daa3c17d90 flushing  nmethod 0x000001da90a21c10
Event: 10477.177 Thread 0x000001daa3c17d90 flushing  nmethod 0x000001da90a28c90
Event: 10477.177 Thread 0x000001daa3c17d90 flushing  nmethod 0x000001da90a29510
Event: 10477.177 Thread 0x000001daa3c17d90 flushing  nmethod 0x000001da90a82c10
Event: 10477.177 Thread 0x000001daa3c17d90 flushing  nmethod 0x000001da90b30c90
Event: 10477.177 Thread 0x000001daa3c17d90 flushing  nmethod 0x000001da90cc9590

Events (20 events):
Event: 10515.353 Thread 0x000001dae9dc4380 Thread exited: 0x000001dae9dc4380
Event: 10515.416 Thread 0x000001dae9dc6450 Thread exited: 0x000001dae9dc6450
Event: 10522.945 Thread 0x000001daed7876d0 Thread added: 0x000001dae9dc4380
Event: 10522.948 Thread 0x000001dae9dc4380 Thread added: 0x000001dae9dc6ae0
Event: 10527.952 Thread 0x000001dae9dc4380 Thread exited: 0x000001dae9dc4380
Event: 10528.015 Thread 0x000001dae9dc6ae0 Thread exited: 0x000001dae9dc6ae0
Event: 10537.082 Thread 0x000001daed7876d0 Thread added: 0x000001dae9dc6450
Event: 10537.085 Thread 0x000001dae9dc6450 Thread added: 0x000001dae9dc6ae0
Event: 10542.101 Thread 0x000001dae9dc6450 Thread exited: 0x000001dae9dc6450
Event: 10542.132 Thread 0x000001dae9dc6ae0 Thread exited: 0x000001dae9dc6ae0
Event: 10559.631 Thread 0x000001daed7876d0 Thread added: 0x000001dae9dc6450
Event: 10559.632 Thread 0x000001dae9dc6450 Thread added: 0x000001dae9dc6ae0
Event: 10564.646 Thread 0x000001dae9dc6450 Thread exited: 0x000001dae9dc6450
Event: 10564.694 Thread 0x000001dae9dc6ae0 Thread exited: 0x000001dae9dc6ae0
Event: 10783.693 Thread 0x000001daed7876d0 Thread added: 0x000001dae9dc6450
Event: 10783.697 Thread 0x000001dae9dc6450 Thread added: 0x000001dae9dc4a10
Event: 10788.713 Thread 0x000001dae9dc6450 Thread exited: 0x000001dae9dc6450
Event: 10788.760 Thread 0x000001dae9dc4a10 Thread exited: 0x000001dae9dc4a10
Event: 15765.863 Thread 0x000001daed7876d0 Thread added: 0x000001dae9dc4a10
Event: 15765.877 Thread 0x000001dae9dc4a10 Thread added: 0x000001dae9dc6450


Dynamic libraries:
0x00007ff6d6130000 - 0x00007ff6d613e000 	C:\eclipse\plugins\org.eclipse.justj.openjdk.hotspot.jre.full.win32.x86_64_21.0.6.v20250130-0529\jre\bin\javaw.exe
0x00007ff9b3640000 - 0x00007ff9b38a9000 	C:\WINDOWS\SYSTEM32\ntdll.dll
0x00007ff9b1ed0000 - 0x00007ff9b1f99000 	C:\WINDOWS\System32\KERNEL32.DLL
0x00007ff9b0c20000 - 0x00007ff9b1013000 	C:\WINDOWS\System32\KERNELBASE.dll
0x00007ff9b10d0000 - 0x00007ff9b121b000 	C:\WINDOWS\System32\ucrtbase.dll
0x00007ff993660000 - 0x00007ff993678000 	C:\eclipse\plugins\org.eclipse.justj.openjdk.hotspot.jre.full.win32.x86_64_21.0.6.v20250130-0529\jre\bin\jli.dll
0x00007ff9b3430000 - 0x00007ff9b35f4000 	C:\WINDOWS\System32\USER32.dll
0x00007ff9b13e0000 - 0x00007ff9b1407000 	C:\WINDOWS\System32\win32u.dll
0x00007ff996940000 - 0x00007ff996bd3000 	C:\WINDOWS\WinSxS\amd64_microsoft.windows.common-controls_6595b64144ccf1df_6.0.26100.5074_none_3e0d6f78e32fd63f\COMCTL32.dll
0x00007ff9b1860000 - 0x00007ff9b188b000 	C:\WINDOWS\System32\GDI32.dll
0x00007ff9b24e0000 - 0x00007ff9b2589000 	C:\WINDOWS\System32\msvcrt.dll
0x00007ff9b12b0000 - 0x00007ff9b13dd000 	C:\WINDOWS\System32\gdi32full.dll
0x00007ff9b1020000 - 0x00007ff9b10c3000 	C:\WINDOWS\System32\msvcp_win.dll
0x00007ff97ee20000 - 0x00007ff97ee3e000 	C:\eclipse\plugins\org.eclipse.justj.openjdk.hotspot.jre.full.win32.x86_64_21.0.6.v20250130-0529\jre\bin\VCRUNTIME140.dll
0x00007ff9b2740000 - 0x00007ff9b276f000 	C:\WINDOWS\System32\IMM32.DLL
0x00007ff9a8880000 - 0x00007ff9a888c000 	C:\eclipse\plugins\org.eclipse.justj.openjdk.hotspot.jre.full.win32.x86_64_21.0.6.v20250130-0529\jre\bin\vcruntime140_1.dll
0x00007ff9605a0000 - 0x00007ff96062d000 	C:\eclipse\plugins\org.eclipse.justj.openjdk.hotspot.jre.full.win32.x86_64_21.0.6.v20250130-0529\jre\bin\msvcp140.dll
0x00007ff934bd0000 - 0x00007ff935960000 	C:\eclipse\plugins\org.eclipse.justj.openjdk.hotspot.jre.full.win32.x86_64_21.0.6.v20250130-0529\jre\bin\server\jvm.dll
0x00007ff9b28a0000 - 0x00007ff9b2954000 	C:\WINDOWS\System32\ADVAPI32.dll
0x00007ff9b2690000 - 0x00007ff9b2736000 	C:\WINDOWS\System32\sechost.dll
0x00007ff9b2780000 - 0x00007ff9b2898000 	C:\WINDOWS\System32\RPCRT4.dll
0x00007ff9b1b30000 - 0x00007ff9b1ba4000 	C:\WINDOWS\System32\WS2_32.dll
0x00007ff9b0630000 - 0x00007ff9b068e000 	C:\WINDOWS\SYSTEM32\POWRPROF.dll
0x00007ff9a7c00000 - 0x00007ff9a7c0b000 	C:\WINDOWS\SYSTEM32\VERSION.dll
0x00007ff9a7bc0000 - 0x00007ff9a7bf5000 	C:\WINDOWS\SYSTEM32\WINMM.dll
0x00007ff9b0610000 - 0x00007ff9b0624000 	C:\WINDOWS\SYSTEM32\UMPDC.dll
0x00007ff9af5b0000 - 0x00007ff9af5cb000 	C:\WINDOWS\SYSTEM32\kernel.appcore.dll
0x00007ff986e10000 - 0x00007ff986e1a000 	C:\eclipse\plugins\org.eclipse.justj.openjdk.hotspot.jre.full.win32.x86_64_21.0.6.v20250130-0529\jre\bin\jimage.dll
0x00007ff9ae200000 - 0x00007ff9ae442000 	C:\WINDOWS\SYSTEM32\DBGHELP.DLL
0x00007ff9b2960000 - 0x00007ff9b2cdb000 	C:\WINDOWS\System32\combase.dll
0x00007ff9b1490000 - 0x00007ff9b1567000 	C:\WINDOWS\System32\OLEAUT32.dll
0x00007ff996340000 - 0x00007ff99637d000 	C:\WINDOWS\SYSTEM32\dbgcore.DLL
0x00007ff9b0a10000 - 0x00007ff9b0aa9000 	C:\WINDOWS\System32\bcryptPrimitives.dll
0x00007ff97c810000 - 0x00007ff97c82f000 	C:\eclipse\plugins\org.eclipse.justj.openjdk.hotspot.jre.full.win32.x86_64_21.0.6.v20250130-0529\jre\bin\java.dll
0x00007ff9b2ce0000 - 0x00007ff9b342d000 	C:\WINDOWS\System32\SHELL32.dll
0x00007ff9b0ab0000 - 0x00007ff9b0c1c000 	C:\WINDOWS\System32\wintypes.dll
0x00007ff9ae470000 - 0x00007ff9aecc9000 	C:\WINDOWS\SYSTEM32\windows.storage.dll
0x00007ff9b1da0000 - 0x00007ff9b1e90000 	C:\WINDOWS\System32\SHCORE.dll
0x00007ff9b2470000 - 0x00007ff9b24d2000 	C:\WINDOWS\System32\shlwapi.dll
0x00007ff9b06f0000 - 0x00007ff9b0719000 	C:\WINDOWS\SYSTEM32\profapi.dll
0x00007ff975ad0000 - 0x00007ff975ae8000 	C:\eclipse\plugins\org.eclipse.justj.openjdk.hotspot.jre.full.win32.x86_64_21.0.6.v20250130-0529\jre\bin\zip.dll
0x00007ff986c50000 - 0x00007ff986c60000 	C:\eclipse\plugins\org.eclipse.justj.openjdk.hotspot.jre.full.win32.x86_64_21.0.6.v20250130-0529\jre\bin\net.dll
0x00007ff9a78b0000 - 0x00007ff9a79cf000 	C:\WINDOWS\SYSTEM32\WINHTTP.dll
0x00007ff9afb30000 - 0x00007ff9afb9b000 	C:\WINDOWS\system32\mswsock.dll
0x00007ff975990000 - 0x00007ff9759a6000 	C:\eclipse\plugins\org.eclipse.justj.openjdk.hotspot.jre.full.win32.x86_64_21.0.6.v20250130-0529\jre\bin\nio.dll
0x00007ff9803a0000 - 0x00007ff9803aa000 	C:\eclipse\plugins\org.eclipse.justj.openjdk.hotspot.jre.full.win32.x86_64_21.0.6.v20250130-0529\jre\bin\management.dll
0x00007ff97ee80000 - 0x00007ff97ee8b000 	C:\eclipse\plugins\org.eclipse.justj.openjdk.hotspot.jre.full.win32.x86_64_21.0.6.v20250130-0529\jre\bin\management_ext.dll
0x00007ff9b1a30000 - 0x00007ff9b1a38000 	C:\WINDOWS\System32\PSAPI.DLL
0x00007ff986a10000 - 0x00007ff986a1e000 	C:\eclipse\plugins\org.eclipse.justj.openjdk.hotspot.jre.full.win32.x86_64_21.0.6.v20250130-0529\jre\bin\sunmscapi.dll
0x00007ff9b07d0000 - 0x00007ff9b0947000 	C:\WINDOWS\System32\CRYPT32.dll
0x00007ff9afff0000 - 0x00007ff9b0020000 	C:\WINDOWS\SYSTEM32\ncrypt.dll
0x00007ff9affa0000 - 0x00007ff9affdf000 	C:\WINDOWS\SYSTEM32\NTASN1.dll
0x00007ff9afde0000 - 0x00007ff9afdfb000 	C:\WINDOWS\SYSTEM32\CRYPTSP.dll
0x00007ff9af510000 - 0x00007ff9af54b000 	C:\WINDOWS\system32\rsaenh.dll
0x00007ff9afbd0000 - 0x00007ff9afbfb000 	C:\WINDOWS\SYSTEM32\USERENV.dll
0x00007ff9b06c0000 - 0x00007ff9b06e6000 	C:\WINDOWS\SYSTEM32\bcrypt.dll
0x00007ff9afdd0000 - 0x00007ff9afddc000 	C:\WINDOWS\SYSTEM32\CRYPTBASE.dll
0x00007ff9af020000 - 0x00007ff9af054000 	C:\WINDOWS\SYSTEM32\IPHLPAPI.DLL
0x00007ff9b1bb0000 - 0x00007ff9b1bba000 	C:\WINDOWS\System32\NSI.dll
0x00007ff986c30000 - 0x00007ff986c40000 	C:\eclipse\plugins\org.eclipse.justj.openjdk.hotspot.jre.full.win32.x86_64_21.0.6.v20250130-0529\jre\bin\verify.dll
0x00007ff9af0c0000 - 0x00007ff9af1e6000 	C:\WINDOWS\SYSTEM32\DNSAPI.dll
0x00007ff9a44d0000 - 0x00007ff9a44db000 	C:\Windows\System32\rasadhlp.dll
0x00007ff9a47c0000 - 0x00007ff9a4846000 	C:\WINDOWS\System32\fwpuclnt.dll
0x00007ff9869f0000 - 0x00007ff9869f9000 	C:\eclipse\plugins\org.eclipse.justj.openjdk.hotspot.jre.full.win32.x86_64_21.0.6.v20250130-0529\jre\bin\extnet.dll
0x00007ff990d30000 - 0x00007ff990d38000 	C:\WINDOWS\system32\wshunix.dll

dbghelp: loaded successfully - version: 4.0.5 - missing functions: none
symbol engine: initialized successfully - sym options: 0x614 - pdb path: .;C:\eclipse\plugins\org.eclipse.justj.openjdk.hotspot.jre.full.win32.x86_64_21.0.6.v20250130-0529\jre\bin;C:\WINDOWS\SYSTEM32;C:\WINDOWS\WinSxS\amd64_microsoft.windows.common-controls_6595b64144ccf1df_6.0.26100.5074_none_3e0d6f78e32fd63f;C:\eclipse\plugins\org.eclipse.justj.openjdk.hotspot.jre.full.win32.x86_64_21.0.6.v20250130-0529\jre\bin\server

VM Arguments:
jvm_args: -Dfile.encoding=UTF-8 -Dstdout.encoding=UTF-8 -Dstderr.encoding=UTF-8 -XX:+ShowCodeDetailsInExceptionMessages 
java_command: com.example.testproject.TestprojectApplication
java_class_path (initial): C:\Users\HIMA BINDU KURRA\Desktop\testproject\target\classes;C:\Users\HIMA BINDU KURRA\.m2\repository\org\springframework\boot\spring-boot-starter-data-jpa\3.5.6\spring-boot-starter-data-jpa-3.5.6.jar;C:\Users\HIMA BINDU KURRA\.m2\repository\org\springframework\boot\spring-boot-starter\3.5.6\spring-boot-starter-3.5.6.jar;C:\Users\HIMA BINDU KURRA\.m2\repository\org\springframework\boot\spring-boot-starter-logging\3.5.6\spring-boot-starter-logging-3.5.6.jar;C:\Users\HIMA BINDU KURRA\.m2\repository\ch\qos\logback\logback-classic\1.5.18\logback-classic-1.5.18.jar;C:\Users\HIMA BINDU KURRA\.m2\repository\ch\qos\logback\logback-core\1.5.18\logback-core-1.5.18.jar;C:\Users\HIMA BINDU KURRA\.m2\repository\org\apache\logging\log4j\log4j-to-slf4j\2.24.3\log4j-to-slf4j-2.24.3.jar;C:\Users\HIMA BINDU KURRA\.m2\repository\org\apache\logging\log4j\log4j-api\2.24.3\log4j-api-2.24.3.jar;C:\Users\HIMA BINDU KURRA\.m2\repository\org\slf4j\jul-to-slf4j\2.0.17\jul-to-slf4j-2.0.17.jar;C:\Users\HIMA BINDU KURRA\.m2\repository\jakarta\annotation\jakarta.annotation-api\2.1.1\jakarta.annotation-api-2.1.1.jar;C:\Users\HIMA BINDU KURRA\.m2\repository\org\yaml\snakeyaml\2.4\snakeyaml-2.4.jar;C:\Users\HIMA BINDU KURRA\.m2\repository\org\springframework\boot\spring-boot-starter-jdbc\3.5.6\spring-boot-starter-jdbc-3.5.6.jar;C:\Users\HIMA BINDU KURRA\.m2\repository\com\zaxxer\HikariCP\6.3.3\HikariCP-6.3.3.jar;C:\Users\HIMA BINDU KURRA\.m2\repository\org\springframework\spring-jdbc\6.2.11\spring-jdbc-6.2.11.jar;C:\Users\HIMA BINDU KURRA\.m2\repository\org\hibernate\orm\hibernate-core\6.6.29.Final\hibernate-core-6.6.29.Final.jar;C:\Users\HIMA BINDU KURRA\.m2\repository\jakarta\persistence\jakarta.persistence-api\3.1.0\jakarta.persistence-api-3.1.0.jar;C:\Users\HIMA BINDU KURRA\.m2\repository\jakarta\transaction\jakarta.transaction-api\2.0.1\jakarta.transaction-api-2.0.1.jar;C:\Users\HIMA BINDU KURRA\.m2\repository\org\jboss\logging\jboss-logging\3.6.1.Final\jboss-logging-3.6.1.Final.jar;C:\Users\HIMA BINDU KURRA\.m2\repository\org\hibernate\common\hibernate-commons-annotations\7.0.3.Final\hibernate-commons-annotations-7.0.3.Final.jar;C:\Users\HIMA BINDU KURRA\.m2\repository\io\smallrye\jandex\3.2.0\jandex-3.2.0.jar;C:\Users\HIMA BINDU KURRA\.m2\repository\com\fasterxml\classmate\1.7.0\classmate-1.7.0.jar;C:\Users\HIMA BINDU KURRA\.m2\repository\net\bytebuddy\byte-buddy\1.17.7\byte-buddy-1.17.7.jar;C:\Users\HIMA BINDU KURRA\.m2\repository\org\glassfish\jaxb\jaxb-runtime\4.0.5\jaxb-runtime-4.0.5.jar;C:\Users\HIMA BINDU KURRA\.m2\repository\org\glassfish\jaxb\jaxb-core\4.0.5\jaxb-core-4.0.5.jar;C:\Users\HIMA BINDU KURRA\.m2\repository\org\eclipse\angus\angus-activation\2.0.2\angus-activation-2.0.2.jar;C:\Users\HIMA BINDU KURRA\.m2\repository\org\glassfish\jaxb\txw2\4.0.5\txw2-4.0.5.jar;C:\Users\HIMA BINDU KURRA\.m2\repository\com\sun\istack\istack-commons-runtime\4.1.2\istack-commons-runtime-4.1.2.jar;C:\Users\HIMA BINDU KURRA\.m2\repository\jakarta\inject\jakarta.inject-api\2.0.1\jakarta.inject-api-2.0.1.jar;C:\Users\HIMA BINDU KURRA\.m2\repository\org\antlr\antlr4-runtime\4.13.0\antlr4-runtime-4.13.0.jar;C:\Users\HIMA BINDU KURRA\.m2\repository\org\springframework\data\spring-data-jpa\3.5.4\spring-data-jpa-3.5.4.jar;C:\Users\HIMA BINDU KURRA\.m2\repository\org\springframework\data\spring-data-commons\3.5.4\spring-data-commons-3.5.4.jar;C:\Users\HIMA BINDU KURRA\.m2\repository\org\springframework\spring-orm\6.2.11\spring-orm-6.2.11.jar;C:\Users\HIMA BINDU KURRA\.m2\repository\org\springframework\spring-context\6.2.11\spring-context-6.2.11.jar;C:\Users\HIMA BINDU KURRA\.m2\repository\org\springframework\spring-aop\6.2.11\spring-aop-6.2.11.jar;C:\Users\HIMA BINDU KURRA\.m2\repository\org\springframework\spring-tx\6.2.11\spring-tx-6.2.11.jar;C:\Users\HIMA BINDU KURRA\.m2\repository\org\springframework\spring-beans\6.2.11\spring-beans-6.2.11.jar;C:\Users\HIMA BINDU KURRA\.m2\repository\org\slf4j\slf4j-api\2.0.17\slf4j-api-2.0.17.jar;C:\Users\HIMA BINDU KURRA\.m2\repository\org\springframework\spring-aspects\6.2.11\spring-aspects-6.2.11.jar;C:\Users\HIMA BINDU KURRA\.m2\repository\org\aspectj\aspectjweaver\1.9.24\aspectjweaver-1.9.24.jar;C:\Users\HIMA BINDU KURRA\.m2\repository\org\springframework\boot\spring-boot-starter-web\3.5.6\spring-boot-starter-web-3.5.6.jar;C:\Users\HIMA BINDU KURRA\.m2\repository\org\springframework\boot\spring-boot-starter-json\3.5.6\spring-boot-starter-json-3.5.6.jar;C:\Users\HIMA BINDU KURRA\.m2\repository\com\fasterxml\jackson\core\jackson-databind\2.19.2\jackson-databind-2.19.2.jar;C:\Users\HIMA BINDU KURRA\.m2\repository\com\fasterxml\jackson\core\jackson-annotations\2.19.2\jackson-annotations-2.19.2.jar;C:\Users\HIMA BINDU KURRA\.m2\repository\com\fasterxml\jackson\core\jackson-core\2.19.2\jackson-core-2.19.2.jar;C:\Users\HIMA BINDU KURRA\.m2\repository\com\fasterxml\jackson\datatype\jackson-datatype-jdk8\2.19.2\jackson-datatype-jdk8-2.19.2.jar;C:\Users\HIMA BINDU KURRA\.m2\repository\com\fasterxml\jackson\datatype\jackson-datatype-jsr310\2.19.2\jackson-datatype-jsr310-2.19.2.jar;C:\Users\HIMA BINDU KURRA\.m2\repository\com\fasterxml\jackson\module\jackson-module-parameter-names\2.19.2\jackson-module-parameter-names-2.19.2.jar;C:\Users\HIMA BINDU KURRA\.m2\repository\org\springframework\boot\spring-boot-starter-tomcat\3.5.6\spring-boot-starter-tomcat-3.5.6.jar;C:\Users\HIMA BINDU KURRA\.m2\repository\org\apache\tomcat\embed\tomcat-embed-core\10.1.46\tomcat-embed-core-10.1.46.jar;C:\Users\HIMA BINDU KURRA\.m2\repository\org\apache\tomcat\embed\tomcat-embed-el\10.1.46\tomcat-embed-el-10.1.46.jar;C:\Users\HIMA BINDU KURRA\.m2\repository\org\apache\tomcat\embed\tomcat-embed-websocket\10.1.46\tomcat-embed-websocket-10.1.46.jar;C:\Users\HIMA BINDU KURRA\.m2\repository\org\springframework\spring-web\6.2.11\spring-web-6.2.11.jar;C:\Users\HIMA BINDU KURRA\.m2\repository\io\micrometer\micrometer-observation\1.15.4\micrometer-observation-1.15.4.jar;C:\Users\HIMA BINDU KURRA\.m2\repository\io\micrometer\micrometer-commons\1.15.4\micrometer-commons-1.15.4.jar;C:\Users\HIMA BINDU KURRA\.m2\repository\org\springframework\spring-webmvc\6.2.11\spring-webmvc-6.2.11.jar;C:\Users\HIMA BINDU KURRA\.m2\repository\org\springframework\spring-expression\6.2.11\spring-expression-6.2.11.jar;C:\Users\HIMA BINDU KURRA\.m2\repository\org\springframework\boot\spring-boot-devtools\3.5.6\spring-boot-devtools-3.5.6.jar;C:\Users\HIMA BINDU KURRA\.m2\repository\org\springframework\boot\spring-boot\3.5.6\spring-boot-3.5.6.jar;C:\Users\HIMA BINDU KURRA\.m2\repository\org\springframework\boot\spring-boot-autoconfigure\3.5.6\spring-boot-autoconfigure-3.5.6.jar;C:\Users\HIMA BINDU KURRA\.m2\repository\com\mysql\mysql-connector-j\9.4.0\mysql-connector-j-9.4.0.jar;C:\Users\HIMA BINDU KURRA\.m2\repository\org\projectlombok\lombok\1.18.40\lombok-1.18.40.jar;C:\Users\HIMA BINDU KURRA\.m2\repository\jakarta\xml\bind\jakarta.xml.bind-api\4.0.2\jakarta.xml.bind-api-4.0.2.jar;C:\Users\HIMA BINDU KURRA\.m2\repository\jakarta\activation\jakarta.activation-api\2.1.4\jakarta.activation-api-2.1.4.jar;C:\Users\HIMA BINDU KURRA\.m2\repository\org\springframework\spring-core\6.2.11\spring-core-6.2.11.jar;C:\Users\HIMA BINDU KURRA\.m2\repository\org\springframework\spring-jcl\6.2.11\spring-jcl-6.2.11.jar
Launcher Type: SUN_STANDARD

[Global flags]
     intx CICompilerCount                          = 4                                         {product} {ergonomic}
     uint ConcGCThreads                            = 2                                         {product} {ergonomic}
     uint G1ConcRefinementThreads                  = 8                                         {product} {ergonomic}
   size_t G1HeapRegionSize                         = 1048576                                   {product} {ergonomic}
    uintx GCDrainStackTargetSize                   = 64                                        {product} {ergonomic}
   size_t InitialHeapSize                          = 100663296                                 {product} {ergonomic}
   size_t MarkStackSize                            = 4194304                                   {product} {ergonomic}
   size_t MaxHeapSize                              = 1587544064                                {product} {ergonomic}
   size_t MaxNewSize                               = 952107008                                 {product} {ergonomic}
   size_t MinHeapDeltaBytes                        = 1048576                                   {product} {ergonomic}
   size_t MinHeapSize                              = 8388608                                   {product} {ergonomic}
    uintx NonNMethodCodeHeapSize                   = 5839372                                {pd product} {ergonomic}
    uintx NonProfiledCodeHeapSize                  = 122909434                              {pd product} {ergonomic}
    uintx ProfiledCodeHeapSize                     = 122909434                              {pd product} {ergonomic}
    uintx ReservedCodeCacheSize                    = 251658240                              {pd product} {ergonomic}
     bool SegmentedCodeCache                       = true                                      {product} {ergonomic}
     bool ShowCodeDetailsInExceptionMessages       = true                                   {manageable} {command line}
   size_t SoftMaxHeapSize                          = 1587544064                             {manageable} {ergonomic}
     bool UseCompressedOops                        = true                           {product lp64_product} {ergonomic}
     bool UseG1GC                                  = true                                      {product} {ergonomic}
     bool UseLargePagesIndividualAllocation        = false                                  {pd product} {ergonomic}

Logging:
Log output configuration:
 #0: stdout all=warning uptime,level,tags foldmultilines=false
 #1: stderr all=off uptime,level,tags foldmultilines=false

Environment Variables:
JAVA_HOME=C:\Program Files\Java\jdk-16.0.1
PATH=C:/eclipse//plugins/org.eclipse.justj.openjdk.hotspot.jre.full.win32.x86_64_21.0.6.v20250130-0529/jre/bin/server;C:/eclipse//plugins/org.eclipse.justj.openjdk.hotspot.jre.full.win32.x86_64_21.0.6.v20250130-0529/jre/bin;C:\Program Files\Java\jdk-16.0.1\bin;C:\Program Files (x86)\VMware\VMware Workstation\bin\;C:\Program Files\Microsoft\jdk-11.0.16.101-hotspot\bin;C:\Program Files\Common Files\Oracle\Java\javapath;C:\WINDOWS\system32;C:\WINDOWS;C:\WINDOWS\System32\Wbem;C:\WINDOWS\System32\WindowsPowerShell\v1.0\;C:\WINDOWS\System32\OpenSSH\;C:\Program Files\Microsoft SQL Server\Client SDK\ODBC\170\Tools\Binn\;C:\Program Files (x86)\Microsoft SQL Server\160\Tools\Binn\;C:\Program Files\Microsoft SQL Server\160\Tools\Binn\;C:\Program Files\Microsoft SQL Server\160\DTS\Binn\;C:\Program Files\HP\HP One Agent;C:\WINDOWS\system32;C:\WINDOWS;C:\WINDOWS\System32\Wbem;C:\WINDOWS\System32\WindowsPowerShell\v1.0\;C:\WINDOWS\System32\OpenSSH\;C:\Program Files (x86)\Microsoft SQL Server\160\DTS\Binn\;C:\Program Files\MySQL\MySQL Server 8.0\bin;C:\Program Files\MySQL\MySQL Shell 8.0\bin\;C:\Users\HIMA BINDU KURRA\AppData\Local\Microsoft\WindowsApps;;C:\Users\HIMA BINDU KURRA\AppData\Local\JetBrains\IntelliJ IDEA Community Edition 2021.1\bin;;C:\Program Files\Azure Data Studio\bin;C:\Users\HIMA BINDU KURRA\AppData\Local\Programs\cursor\resources\app\bin;C:\eclipse;
USERNAME=HIMA BINDU KURRA
OS=Windows_NT
PROCESSOR_IDENTIFIER=AMD64 Family 23 Model 24 Stepping 1, AuthenticAMD
TMP=C:\Users\HIMABI~1\AppData\Local\Temp
TEMP=C:\Users\HIMABI~1\AppData\Local\Temp




Periodic native trim disabled

---------------  S Y S T E M  ---------------

OS:
 Windows 11 , 64 bit Build 26100 (10.0.26100.5074)
OS uptime: 2 days 8:02 hours

CPU: total 8 (initial active 8) (8 cores per cpu, 2 threads per core) family 23 model 24 stepping 1 microcode 0x8108109, cx8, cmov, fxsr, ht, mmx, 3dnowpref, sse, sse2, sse3, ssse3, sse4a, sse4.1, sse4.2, popcnt, lzcnt, tsc, tscinvbit, avx, avx2, aes, clmul, bmi1, bmi2, adx, sha, fma, vzeroupper, clflush, clflushopt, rdtscp, f16c
Processor Information for the first 8 processors :
  Max Mhz: 2100, Current Mhz: 2100, Mhz Limit: 2100

Memory: 4k page, system-wide physical 6055M (808M free)
TotalPageFile size 24487M (AvailPageFile size 71M)
current process WorkingSet (physical memory assigned to process): 70M, peak: 251M
current process commit charge ("private bytes"): 300M, peak: 302M

vm_info: OpenJDK 64-Bit Server VM (21.0.6+7-LTS) for windows-amd64 JRE (21.0.6+7-LTS), built on 2025-01-21T00:00:00Z by "admin" with MS VC++ 17.7 (VS2022)

END.
